<?xml version="1.0" encoding="UTF-8" ?>
<testsuite errors="0" skipped="0" tests="5" time="0.01" failures="0" name="org.vraptor.http.RequestParametersTest">
  <properties>
    <property value="Java(TM) 2 Runtime Environment, Standard Edition" name="java.runtime.name"/>
    <property value="/System/Library/Frameworks/JavaVM.framework/Versions/1.5.0/Libraries" name="sun.boot.library.path"/>
    <property value="1.5.0_13-119" name="java.vm.version"/>
    <property value="true" name="awt.nativeDoubleBuffering"/>
    <property value="false" name="gopherProxySet"/>
    <property value="Apple Inc." name="java.vm.vendor"/>
    <property value="http://www.apple.com/" name="java.vendor.url"/>
    <property value=":" name="path.separator"/>
    <property value="Java HotSpot(TM) Client VM" name="java.vm.name"/>
    <property value="sun.io" name="file.encoding.pkg"/>
    <property value="US" name="user.country"/>
    <property value="SUN_STANDARD" name="sun.java.launcher"/>
    <property value="unknown" name="sun.os.patch.level"/>
    <property value="Java Virtual Machine Specification" name="java.vm.specification.name"/>
    <property value="/Users/dcrec1/Documents/workspace/oss/vraptor2_sexy_urls" name="user.dir"/>
    <property value="1.5.0_13-b05-237" name="java.runtime.version"/>
    <property value="apple.awt.CGraphicsEnvironment" name="java.awt.graphicsenv"/>
    <property value="/Users/dcrec1/Documents/workspace/oss/vraptor2_sexy_urls" name="basedir"/>
    <property value="/System/Library/Frameworks/JavaVM.framework/Versions/1.5.0/Home/lib/endorsed" name="java.endorsed.dirs"/>
    <property value="i386" name="os.arch"/>
    <property value="/tmp/surefirebooter9775.jar" name="surefire.real.class.path"/>
    <property value="/tmp" name="java.io.tmpdir"/>
    <property value="
" name="line.separator"/>
    <property value="Sun Microsystems Inc." name="java.vm.specification.vendor"/>
    <property value="Mac OS X" name="os.name"/>
    <property value="MacRoman" name="sun.jnu.encoding"/>
    <property value=".:/Library/Java/Extensions:/System/Library/Java/Extensions:/usr/lib/java" name="java.library.path"/>
    <property value="/Users/dcrec1/Documents/workspace/oss/vraptor2_sexy_urls/target/classes:/Users/dcrec1/Documents/workspace/oss/vraptor2_sexy_urls/target/test-classes:/Users/dcrec1/.m2/repository/org/springframework/spring-core/2.0/spring-core-2.0.jar:/Users/dcrec1/.m2/repository/aopalliance/aopalliance/1.0/aopalliance-1.0.jar:/Users/dcrec1/.m2/repository/javax/transaction/jta/1.0.1B/jta-1.0.1B.jar:/Users/dcrec1/.m2/repository/junit/junit/3.8.1/junit-3.8.1.jar:/Users/dcrec1/.m2/repository/javax/servlet/jsp-api/2.0/jsp-api-2.0.jar:/Users/dcrec1/.m2/repository/javax/servlet/servlet-api/2.4/servlet-api-2.4.jar:/Users/dcrec1/.m2/repository/log4j/log4j/1.2.12/log4j-1.2.12.jar:/Users/dcrec1/.m2/repository/org/springframework/spring-aop/2.0/spring-aop-2.0.jar:/Users/dcrec1/.m2/repository/logkit/logkit/1.0.1/logkit-1.0.1.jar:/Users/dcrec1/.m2/repository/antlr/antlr/2.7.6/antlr-2.7.6.jar:/Users/dcrec1/.m2/repository/javax/servlet/jstl/1.1.2/jstl-1.1.2.jar:/Users/dcrec1/.m2/repository/asm/asm/1.5.3/asm-1.5.3.jar:/Users/dcrec1/.m2/repository/org/picocontainer/picocontainer/1.3/picocontainer-1.3.jar:/Users/dcrec1/.m2/repository/org/hibernate/hibernate/3.2.1.ga/hibernate-3.2.1.ga.jar:/Users/dcrec1/.m2/repository/org/hibernate/hibernate-commons-annotations/3.3.0.ga/hibernate-commons-annotations-3.3.0.ga.jar:/Users/dcrec1/.m2/repository/avalon-framework/avalon-framework/4.1.3/avalon-framework-4.1.3.jar:/Users/dcrec1/.m2/repository/javax/persistence/persistence-api/1.0/persistence-api-1.0.jar:/Users/dcrec1/.m2/repository/commons-io/commons-io/1.1/commons-io-1.1.jar:/Users/dcrec1/.m2/repository/org/springframework/spring-web/2.0/spring-web-2.0.jar:/Users/dcrec1/.m2/repository/joda-time/joda-time/1.4/joda-time-1.4.jar:/Users/dcrec1/.m2/repository/org/jmock/jmock/2.4.0/jmock-2.4.0.jar:/Users/dcrec1/.m2/repository/net/sf/ehcache/ehcache/1.2.3/ehcache-1.2.3.jar:/Users/dcrec1/.m2/repository/org/hamcrest/hamcrest-library/1.1/hamcrest-library-1.1.jar:/Users/dcrec1/.m2/repository/commons-logging/commons-logging/1.1/commons-logging-1.1.jar:/Users/dcrec1/.m2/repository/commons-fileupload/commons-fileupload/1.1/commons-fileupload-1.1.jar:/Users/dcrec1/.m2/repository/dom4j/dom4j/1.6.1/dom4j-1.6.1.jar:/Users/dcrec1/.m2/repository/jmock/jmock/1.2.0/jmock-1.2.0.jar:/Users/dcrec1/.m2/repository/cglib/cglib/2.1_3/cglib-2.1_3.jar:/Users/dcrec1/.m2/repository/asm/asm-attrs/1.5.3/asm-attrs-1.5.3.jar:/Users/dcrec1/.m2/repository/org/jmock/jmock-junit3/2.4.0/jmock-junit3-2.4.0.jar:/Users/dcrec1/.m2/repository/org/springframework/spring-context/2.0/spring-context-2.0.jar:/Users/dcrec1/.m2/repository/commons-collections/commons-collections/2.1.1/commons-collections-2.1.1.jar:/Users/dcrec1/.m2/repository/com/thoughtworks/xstream/xstream/1.2.1/xstream-1.2.1.jar:/Users/dcrec1/.m2/repository/xpp3/xpp3_min/1.1.3.4.O/xpp3_min-1.1.3.4.O.jar:/Users/dcrec1/.m2/repository/org/hamcrest/hamcrest-core/1.1/hamcrest-core-1.1.jar:/Users/dcrec1/.m2/repository/org/springframework/spring-beans/2.0/spring-beans-2.0.jar:/Users/dcrec1/.m2/repository/org/hibernate/hibernate-validator/3.0.0.ga/hibernate-validator-3.0.0.ga.jar:/Users/dcrec1/.m2/repository/com/thoughtworks/paranamer/paranamer/1.1.1/paranamer-1.1.1.jar:" name="surefire.test.class.path"/>
    <property value="Java Platform API Specification" name="java.specification.name"/>
    <property value="49.0" name="java.class.version"/>
    <property value="HotSpot Client Compiler" name="sun.management.compiler"/>
    <property value="10.5.4" name="os.version"/>
    <property value="local|*.local|169.254/16|*.169.254/16" name="http.nonProxyHosts"/>
    <property value="/Users/dcrec1" name="user.home"/>
    <property value="America/Sao_Paulo" name="user.timezone"/>
    <property value="apple.awt.CPrinterJob" name="java.awt.printerjob"/>
    <property value="1.5" name="java.specification.version"/>
    <property value="MacRoman" name="file.encoding"/>
    <property value="dcrec1" name="user.name"/>
    <property value="/Users/dcrec1/Documents/workspace/oss/vraptor2_sexy_urls/target/classes:/Users/dcrec1/Documents/workspace/oss/vraptor2_sexy_urls/target/test-classes:/Users/dcrec1/.m2/repository/org/springframework/spring-core/2.0/spring-core-2.0.jar:/Users/dcrec1/.m2/repository/aopalliance/aopalliance/1.0/aopalliance-1.0.jar:/Users/dcrec1/.m2/repository/javax/transaction/jta/1.0.1B/jta-1.0.1B.jar:/Users/dcrec1/.m2/repository/junit/junit/3.8.1/junit-3.8.1.jar:/Users/dcrec1/.m2/repository/javax/servlet/jsp-api/2.0/jsp-api-2.0.jar:/Users/dcrec1/.m2/repository/javax/servlet/servlet-api/2.4/servlet-api-2.4.jar:/Users/dcrec1/.m2/repository/log4j/log4j/1.2.12/log4j-1.2.12.jar:/Users/dcrec1/.m2/repository/org/springframework/spring-aop/2.0/spring-aop-2.0.jar:/Users/dcrec1/.m2/repository/logkit/logkit/1.0.1/logkit-1.0.1.jar:/Users/dcrec1/.m2/repository/antlr/antlr/2.7.6/antlr-2.7.6.jar:/Users/dcrec1/.m2/repository/javax/servlet/jstl/1.1.2/jstl-1.1.2.jar:/Users/dcrec1/.m2/repository/asm/asm/1.5.3/asm-1.5.3.jar:/Users/dcrec1/.m2/repository/org/picocontainer/picocontainer/1.3/picocontainer-1.3.jar:/Users/dcrec1/.m2/repository/org/hibernate/hibernate/3.2.1.ga/hibernate-3.2.1.ga.jar:/Users/dcrec1/.m2/repository/org/hibernate/hibernate-commons-annotations/3.3.0.ga/hibernate-commons-annotations-3.3.0.ga.jar:/Users/dcrec1/.m2/repository/avalon-framework/avalon-framework/4.1.3/avalon-framework-4.1.3.jar:/Users/dcrec1/.m2/repository/javax/persistence/persistence-api/1.0/persistence-api-1.0.jar:/Users/dcrec1/.m2/repository/commons-io/commons-io/1.1/commons-io-1.1.jar:/Users/dcrec1/.m2/repository/org/springframework/spring-web/2.0/spring-web-2.0.jar:/Users/dcrec1/.m2/repository/joda-time/joda-time/1.4/joda-time-1.4.jar:/Users/dcrec1/.m2/repository/org/jmock/jmock/2.4.0/jmock-2.4.0.jar:/Users/dcrec1/.m2/repository/net/sf/ehcache/ehcache/1.2.3/ehcache-1.2.3.jar:/Users/dcrec1/.m2/repository/org/hamcrest/hamcrest-library/1.1/hamcrest-library-1.1.jar:/Users/dcrec1/.m2/repository/commons-logging/commons-logging/1.1/commons-logging-1.1.jar:/Users/dcrec1/.m2/repository/commons-fileupload/commons-fileupload/1.1/commons-fileupload-1.1.jar:/Users/dcrec1/.m2/repository/dom4j/dom4j/1.6.1/dom4j-1.6.1.jar:/Users/dcrec1/.m2/repository/jmock/jmock/1.2.0/jmock-1.2.0.jar:/Users/dcrec1/.m2/repository/cglib/cglib/2.1_3/cglib-2.1_3.jar:/Users/dcrec1/.m2/repository/asm/asm-attrs/1.5.3/asm-attrs-1.5.3.jar:/Users/dcrec1/.m2/repository/org/jmock/jmock-junit3/2.4.0/jmock-junit3-2.4.0.jar:/Users/dcrec1/.m2/repository/org/springframework/spring-context/2.0/spring-context-2.0.jar:/Users/dcrec1/.m2/repository/commons-collections/commons-collections/2.1.1/commons-collections-2.1.1.jar:/Users/dcrec1/.m2/repository/com/thoughtworks/xstream/xstream/1.2.1/xstream-1.2.1.jar:/Users/dcrec1/.m2/repository/xpp3/xpp3_min/1.1.3.4.O/xpp3_min-1.1.3.4.O.jar:/Users/dcrec1/.m2/repository/org/hamcrest/hamcrest-core/1.1/hamcrest-core-1.1.jar:/Users/dcrec1/.m2/repository/org/springframework/spring-beans/2.0/spring-beans-2.0.jar:/Users/dcrec1/.m2/repository/org/hibernate/hibernate-validator/3.0.0.ga/hibernate-validator-3.0.0.ga.jar:/Users/dcrec1/.m2/repository/com/thoughtworks/paranamer/paranamer/1.1.1/paranamer-1.1.1.jar:" name="java.class.path"/>
    <property value="1.0" name="java.vm.specification.version"/>
    <property value="32" name="sun.arch.data.model"/>
    <property value="/System/Library/Frameworks/JavaVM.framework/Versions/1.5.0/Home" name="java.home"/>
    <property value="Sun Microsystems Inc." name="java.specification.vendor"/>
    <property value="en" name="user.language"/>
    <property value="apple.awt.CToolkit" name="awt.toolkit"/>
    <property value="mixed mode, sharing" name="java.vm.info"/>
    <property value="1.5.0_13" name="java.version"/>
    <property value="/Library/Java/Extensions:/System/Library/Java/Extensions:/System/Library/Frameworks/JavaVM.framework/Versions/1.5.0/Home/lib/ext" name="java.ext.dirs"/>
    <property value="/System/Library/Frameworks/JavaVM.framework/Versions/1.5.0/Classes/classes.jar:/System/Library/Frameworks/JavaVM.framework/Versions/1.5.0/Classes/ui.jar:/System/Library/Frameworks/JavaVM.framework/Versions/1.5.0/Classes/laf.jar:/System/Library/Frameworks/JavaVM.framework/Versions/1.5.0/Classes/sunrsasign.jar:/System/Library/Frameworks/JavaVM.framework/Versions/1.5.0/Classes/jsse.jar:/System/Library/Frameworks/JavaVM.framework/Versions/1.5.0/Classes/jce.jar:/System/Library/Frameworks/JavaVM.framework/Versions/1.5.0/Classes/charsets.jar" name="sun.boot.class.path"/>
    <property value="Apple Inc." name="java.vendor"/>
    <property value="/Users/dcrec1/.m2/repository" name="localRepository"/>
    <property value="/" name="file.separator"/>
    <property value="http://bugreport.apple.com/" name="java.vendor.url.bug"/>
    <property value="little" name="sun.cpu.endian"/>
    <property value="UnicodeLittle" name="sun.io.unicode.encoding"/>
    <property value="1040.1.5.0_13-237" name="mrj.version"/>
    <property value="local|*.local|169.254/16|*.169.254/16" name="socksNonProxyHosts"/>
    <property value="local|*.local|169.254/16|*.169.254/16" name="ftp.nonProxyHosts"/>
    <property value="" name="sun.cpu.isalist"/>
  </properties>
  <testcase classname="org.vraptor.http.RequestParametersTest" time="0.001" name="testReadsAllParametersFromTheRequest"/>
  <testcase classname="org.vraptor.http.RequestParametersTest" time="0" name="testOverwritesAParameter"/>
  <testcase classname="org.vraptor.http.RequestParametersTest" time="0" name="testRegistersANewParameter"/>
  <testcase classname="org.vraptor.http.RequestParametersTest" time="0" name="testGetParameterReturnsTheFirstParameter"/>
  <testcase classname="org.vraptor.http.RequestParametersTest" time="0.001" name="testGetNullParameterReturnsNull"/>
</testsuite>